<?xml version="1.0" encoding="UTF-8"?>
<!-- Generated by org.testng.reporters.JUnitXMLReporter -->
<testsuite ignored="0" hostname="LAPTOP-92ICR69A" failures="0" tests="3" name="Test" time="10.125" errors="0" timestamp="2025-06-09T12:59:33 IST">
  <testcase classname="test_script.ManageNewsTest" name="verifyWhetherTheSaveButtonIsDisplayedOnTheManageNews" time="1.408"/>
  <testcase classname="test_script.ManageNewsTest" name="verifyWhetherUserIsAbleToCreateNewNewsOnManageNews" time="1.383"/>
  <testcase classname="test_script.ManageNewsTest" name="verifyWhetherUserIsAbleToDeleteNewsOnManageNews" time="0.953"/>
</testsuite> <!-- Test -->
