<?xml version="1.0" encoding="UTF-8"?>
<!-- Generated by org.testng.reporters.JUnitXMLReporter -->
<testsuite ignored="0" hostname="LAPTOP-92ICR69A" failures="0" tests="3" name="Test" time="13.829" errors="0" timestamp="2025-06-08T10:46:20 IST">
  <testcase classname="test_script.ManageNewsTest" name="isSaveButtonDisplayed" time="1.524"/>
  <testcase classname="test_script.ManageNewsTest" name="manageNewsDelete" time="1.518"/>
  <testcase classname="test_script.ManageNewsTest" name="manageNewsTest" time="1.853"/>
</testsuite> <!-- Test -->
