<?xml version="1.0" encoding="UTF-8"?>
<!-- Generated by org.testng.reporters.JUnitXMLReporter -->
<testsuite ignored="0" hostname="LAPTOP-92ICR69A" failures="0" tests="4" name="ChromeTest" time="14.045" errors="0" timestamp="2025-05-31T16:27:24 IST">
  <testcase classname="test_script.LoginTest" name="logintest" time="1.799"/>
  <testcase classname="test_script.LoginTest" name="logintest1" time="0.404"/>
  <testcase classname="test_script.LoginTest" name="logintest2" time="0.41"/>
  <testcase classname="test_script.LoginTest" name="logintest3" time="0.406"/>
</testsuite> <!-- ChromeTest -->
