<?xml version="1.0" encoding="UTF-8"?>
<!-- Generated by org.testng.reporters.JUnitXMLReporter -->
<testsuite ignored="0" hostname="LAPTOP-92ICR69A" failures="0" tests="2" name="ChromeTest" time="17.22" errors="0" timestamp="2025-06-09T12:46:05 IST">
  <testcase classname="test_script.AdminUsersTest" name="verifyWhetherUserIsAbleToCreateNewAdminUser" time="11.589">
    <skipped/>
  </testcase> <!-- verifyWhetherUserIsAbleToCreateNewAdminUser -->
  <testcase classname="test_script.AdminUsersTest" name="verifyWhetherUserIsAbleToCreateNewAdminUser" time="1.338"/>
</testsuite> <!-- ChromeTest -->
