<?xml version="1.0" encoding="UTF-8"?>
<!-- Generated by org.testng.reporters.JUnitXMLReporter -->
<testsuite ignored="0" hostname="LAPTOP-92ICR69A" failures="0" tests="4" name="EdgeTest" time="20.306" errors="0" timestamp="2025-05-31T16:27:44 IST">
  <testcase classname="test_script.LoginTest" name="logintest" time="0.679"/>
  <testcase classname="test_script.LoginTest" name="logintest1" time="0.434"/>
  <testcase classname="test_script.LoginTest" name="logintest2" time="0.327"/>
  <testcase classname="test_script.LoginTest" name="logintest3" time="0.453"/>
</testsuite> <!-- EdgeTest -->
