<?xml version="1.0" encoding="UTF-8"?>
<!-- Generated by org.testng.reporters.JUnitXMLReporter -->
<testsuite ignored="0" hostname="LAPTOP-92ICR69A" failures="0" tests="3" name="EdgeTest" time="23.365" errors="0" timestamp="2025-06-09T12:46:29 IST">
  <testcase classname="test_script.ManageNewsTest" name="verifyWhetherTheSaveButtonIsDisplayedOnTheManageNews" time="4.844"/>
  <testcase classname="test_script.ManageNewsTest" name="verifyWhetherUserIsAbleToCreateNewNewsOnManageNews" time="1.372"/>
  <testcase classname="test_script.ManageNewsTest" name="verifyWhetherUserIsAbleToDeleteNewsOnManageNews" time="1.106"/>
</testsuite> <!-- EdgeTest -->
