<?xml version="1.0" encoding="UTF-8"?>
<testng-results ignored="0" total="1" passed="1" failed="0" skipped="0">
  <reporter-output>
  </reporter-output>
  <suite started-at="2025-06-10T10:10:48 IST" name="Suite" finished-at="2025-06-10T10:10:57 IST" duration-ms="9092">
    <groups>
    </groups>
    <test started-at="2025-06-10T10:10:48 IST" name="Test" finished-at="2025-06-10T10:10:57 IST" duration-ms="9092">
      <class name="test_script.ManageCategoryTest">
        <test-method is-config="true" signature="browserInitialization(java.lang.String)[pri:0, instance:test_script.ManageCategoryTest@20b2475a]" started-at="2025-06-10T10:10:48 IST" name="browserInitialization" finished-at="2025-06-10T10:10:52 IST" duration-ms="3392" status="PASS">
          <params>
            <param index="0">
              <value>
                <![CDATA[chrome]]>
              </value>
            </param>
          </params>
          <reporter-output>
          </reporter-output>
        </test-method> <!-- browserInitialization -->
        <test-method signature="verifyWhetherUserIsAbleTocreateNewCreategoryOnManageCategory()[pri:0, instance:test_script.ManageCategoryTest@20b2475a]" started-at="2025-06-10T10:10:52 IST" name="verifyWhetherUserIsAbleTocreateNewCreategoryOnManageCategory" description="verify whether the user is able to add new category in the manage category page" finished-at="2025-06-10T10:10:57 IST" duration-ms="5640" status="PASS">
          <reporter-output>
          </reporter-output>
        </test-method> <!-- verifyWhetherUserIsAbleTocreateNewCreategoryOnManageCategory -->
        <test-method is-config="true" signature="browserQuit(org.testng.ITestResult)[pri:0, instance:test_script.ManageCategoryTest@20b2475a]" started-at="2025-06-10T10:10:57 IST" name="browserQuit" finished-at="2025-06-10T10:10:57 IST" duration-ms="0" status="PASS">
          <params>
            <param index="0">
              <value>
                <![CDATA[[TestResult name=verifyWhetherUserIsAbleTocreateNewCreategoryOnManageCategory status=SUCCESS method=ManageCategoryTest.verifyWhetherUserIsAbleTocreateNewCreategoryOnManageCategory()[pri:0, instance:test_script.ManageCategoryTest@20b2475a] output={null}]]]>
              </value>
            </param>
          </params>
          <reporter-output>
          </reporter-output>
        </test-method> <!-- browserQuit -->
      </class> <!-- test_script.ManageCategoryTest -->
    </test> <!-- Test -->
  </suite> <!-- Suite -->
</testng-results>
