<?xml version="1.0" encoding="UTF-8"?>
<testng-results ignored="0" total="2" passed="2" failed="0" skipped="0">
  <reporter-output>
  </reporter-output>
  <suite started-at="2025-06-03T11:38:04 IST" name="paralleltestingtest" finished-at="2025-06-03T11:38:12 IST" duration-ms="7383">
    <groups>
    </groups>
    <test started-at="2025-06-03T11:38:04 IST" name="Test1" finished-at="2025-06-03T11:38:12 IST" duration-ms="7383">
      <class name="test_script.ManageContactTest">
        <test-method is-config="true" signature="browserInitialization(java.lang.String)[pri:0, instance:test_script.ManageContactTest@35d019a3]" started-at="2025-06-03T11:38:04 IST" name="browserInitialization" finished-at="2025-06-03T11:38:09 IST" duration-ms="4588" status="PASS">
          <params>
            <param index="0">
              <value>
                <![CDATA[chrome]]>
              </value>
            </param>
          </params>
          <reporter-output>
          </reporter-output>
        </test-method> <!-- browserInitialization -->
        <test-method signature="manageContactTest()[pri:0, instance:test_script.ManageContactTest@35d019a3]" started-at="2025-06-03T11:38:09 IST" name="manageContactTest" finished-at="2025-06-03T11:38:12 IST" duration-ms="2741" status="PASS">
          <reporter-output>
          </reporter-output>
        </test-method> <!-- manageContactTest -->
        <test-method is-config="true" signature="browserQuit(org.testng.ITestResult)[pri:0, instance:test_script.ManageContactTest@35d019a3]" started-at="2025-06-03T11:38:12 IST" name="browserQuit" finished-at="2025-06-03T11:38:12 IST" duration-ms="0" status="PASS">
          <params>
            <param index="0">
              <value>
                <![CDATA[[TestResult name=manageContactTest status=SUCCESS method=ManageContactTest.manageContactTest()[pri:0, instance:test_script.ManageContactTest@35d019a3] output={null}]]]>
              </value>
            </param>
          </params>
          <reporter-output>
          </reporter-output>
        </test-method> <!-- browserQuit -->
      </class> <!-- test_script.ManageContactTest -->
    </test> <!-- Test1 -->
    <test started-at="2025-06-03T11:38:04 IST" name="Test2" finished-at="2025-06-03T11:38:12 IST" duration-ms="7383">
      <class name="test_script.ManageContactTest">
        <test-method is-config="true" signature="browserInitialization(java.lang.String)[pri:0, instance:test_script.ManageContactTest@3eb25e1a]" started-at="2025-06-03T11:38:04 IST" name="browserInitialization" finished-at="2025-06-03T11:38:09 IST" duration-ms="4729" status="PASS">
          <params>
            <param index="0">
              <value>
                <![CDATA[chrome]]>
              </value>
            </param>
          </params>
          <reporter-output>
          </reporter-output>
        </test-method> <!-- browserInitialization -->
        <test-method signature="manageContactTest()[pri:0, instance:test_script.ManageContactTest@3eb25e1a]" started-at="2025-06-03T11:38:09 IST" name="manageContactTest" finished-at="2025-06-03T11:38:12 IST" duration-ms="2602" status="PASS">
          <reporter-output>
          </reporter-output>
        </test-method> <!-- manageContactTest -->
        <test-method is-config="true" signature="browserQuit(org.testng.ITestResult)[pri:0, instance:test_script.ManageContactTest@3eb25e1a]" started-at="2025-06-03T11:38:12 IST" name="browserQuit" finished-at="2025-06-03T11:38:12 IST" duration-ms="1" status="PASS">
          <params>
            <param index="0">
              <value>
                <![CDATA[[TestResult name=manageContactTest status=SUCCESS method=ManageContactTest.manageContactTest()[pri:0, instance:test_script.ManageContactTest@3eb25e1a] output={null}]]]>
              </value>
            </param>
          </params>
          <reporter-output>
          </reporter-output>
        </test-method> <!-- browserQuit -->
      </class> <!-- test_script.ManageContactTest -->
    </test> <!-- Test2 -->
  </suite> <!-- paralleltestingtest -->
</testng-results>
