<?xml version="1.0" encoding="UTF-8"?>
<testng-results ignored="0" total="2" passed="2" failed="0" skipped="0">
  <reporter-output>
  </reporter-output>
  <suite started-at="2025-06-09T16:34:48 IST" name="Suite" finished-at="2025-06-09T16:34:55 IST" duration-ms="7356">
    <groups>
    </groups>
    <test started-at="2025-06-09T16:34:48 IST" name="Test" finished-at="2025-06-09T16:34:55 IST" duration-ms="7356">
      <class name="test_script.ManageFooterTextTest">
        <test-method is-config="true" signature="browserInitialization(java.lang.String)[pri:0, instance:test_script.ManageFooterTextTest@7857fe2]" started-at="2025-06-09T16:34:48 IST" name="browserInitialization" finished-at="2025-06-09T16:34:50 IST" duration-ms="2363" status="PASS">
          <params>
            <param index="0">
              <value>
                <![CDATA[chrome]]>
              </value>
            </param>
          </params>
          <reporter-output>
          </reporter-output>
        </test-method> <!-- browserInitialization -->
        <test-method signature="verifyWhetherTheUpdateButtonIsDisplayedOnManageFooterText()[pri:0, instance:test_script.ManageFooterTextTest@7857fe2]" started-at="2025-06-09T16:34:50 IST" name="verifyWhetherTheUpdateButtonIsDisplayedOnManageFooterText" description="verify whether the update button is displayed in the manage footer text page" finished-at="2025-06-09T16:34:52 IST" duration-ms="1407" status="PASS">
          <reporter-output>
          </reporter-output>
        </test-method> <!-- verifyWhetherTheUpdateButtonIsDisplayedOnManageFooterText -->
        <test-method is-config="true" signature="browserQuit(org.testng.ITestResult)[pri:0, instance:test_script.ManageFooterTextTest@7857fe2]" started-at="2025-06-09T16:34:52 IST" name="browserQuit" finished-at="2025-06-09T16:34:52 IST" duration-ms="1" status="PASS">
          <params>
            <param index="0">
              <value>
                <![CDATA[[TestResult name=verifyWhetherTheUpdateButtonIsDisplayedOnManageFooterText status=SUCCESS method=ManageFooterTextTest.verifyWhetherTheUpdateButtonIsDisplayedOnManageFooterText()[pri:0, instance:test_script.ManageFooterTextTest@7857fe2] output={null}]]]>
              </value>
            </param>
          </params>
          <reporter-output>
          </reporter-output>
        </test-method> <!-- browserQuit -->
        <test-method is-config="true" signature="browserInitialization(java.lang.String)[pri:0, instance:test_script.ManageFooterTextTest@7857fe2]" started-at="2025-06-09T16:34:52 IST" name="browserInitialization" finished-at="2025-06-09T16:34:54 IST" duration-ms="1937" status="PASS">
          <params>
            <param index="0">
              <value>
                <![CDATA[chrome]]>
              </value>
            </param>
          </params>
          <reporter-output>
          </reporter-output>
        </test-method> <!-- browserInitialization -->
        <test-method signature="verifyWhetherUserIsAbleToCreateNewFooterOnManageFooterText()[pri:0, instance:test_script.ManageFooterTextTest@7857fe2]" started-at="2025-06-09T16:34:54 IST" name="verifyWhetherUserIsAbleToCreateNewFooterOnManageFooterText" description="verify whether the user is able to add new information to the manage footer text page" finished-at="2025-06-09T16:34:55 IST" duration-ms="1606" status="PASS">
          <reporter-output>
          </reporter-output>
        </test-method> <!-- verifyWhetherUserIsAbleToCreateNewFooterOnManageFooterText -->
        <test-method is-config="true" signature="browserQuit(org.testng.ITestResult)[pri:0, instance:test_script.ManageFooterTextTest@7857fe2]" started-at="2025-06-09T16:34:55 IST" name="browserQuit" finished-at="2025-06-09T16:34:55 IST" duration-ms="0" status="PASS">
          <params>
            <param index="0">
              <value>
                <![CDATA[[TestResult name=verifyWhetherUserIsAbleToCreateNewFooterOnManageFooterText status=SUCCESS method=ManageFooterTextTest.verifyWhetherUserIsAbleToCreateNewFooterOnManageFooterText()[pri:0, instance:test_script.ManageFooterTextTest@7857fe2] output={null}]]]>
              </value>
            </param>
          </params>
          <reporter-output>
          </reporter-output>
        </test-method> <!-- browserQuit -->
      </class> <!-- test_script.ManageFooterTextTest -->
    </test> <!-- Test -->
  </suite> <!-- Suite -->
</testng-results>
