<?xml version="1.0" encoding="UTF-8"?>
<!-- Generated by org.testng.reporters.JUnitXMLReporter -->
<testsuite ignored="0" hostname="LAPTOP-92ICR69A" failures="0" tests="2" name="Test2" time="25.479" errors="0" timestamp="2025-06-09T12:52:17 IST">
  <testcase classname="test_script.AdminUsersTest" name="verifyWhetherUserIsAbleToCreateNewAdminUser" time="11.369">
    <skipped/>
  </testcase> <!-- verifyWhetherUserIsAbleToCreateNewAdminUser -->
  <testcase classname="test_script.AdminUsersTest" name="verifyWhetherUserIsAbleToCreateNewAdminUser" time="2.068"/>
</testsuite> <!-- Test2 -->
